Base path: 'C:/Program Files/Unity/Hub/Editor/2019.3.4f1/Editor/Data', plugins path 'C:/Program Files/Unity/Hub/Editor/2019.3.4f1/Editor/Data/PlaybackEngines'
Cmd: initializeCompiler
Cmd: preprocess
  insize=36909 outsize=1921 ok=1
Cmd: preprocess
  insize=811 outsize=209 ok=1
Cmd: preprocess
  insize=811 outsize=209 ok=1
Cmd: preprocess
  insize=811 outsize=209 ok=1
Cmd: preprocess
  insize=811 outsize=209 ok=1
Cmd: preprocess
  insize=811 outsize=209 ok=1
Cmd: preprocess
  insize=811 outsize=209 ok=1
Cmd: preprocess
  insize=811 outsize=209 ok=1
Cmd: preprocess
  insize=811 outsize=209 ok=1
Cmd: preprocess
  insize=37838 outsize=1913 ok=1
Cmd: preprocess
  insize=3871 outsize=505 ok=1
Cmd: preprocess
  insize=5393 outsize=501 ok=1
Cmd: preprocess
  insize=5800 outsize=497 ok=1
Cmd: preprocess
  insize=811 outsize=209 ok=1
Cmd: preprocess
  insize=4133 outsize=498 ok=1
Cmd: preprocess
  insize=811 outsize=209 ok=1
Cmd: preprocess
  insize=4133 outsize=498 ok=1
Cmd: preprocess
  insize=28039 outsize=1913 ok=1
Cmd: preprocess
  insize=6607 outsize=499 ok=1
Cmd: preprocess
  insize=39997 outsize=1912 ok=1
Cmd: preprocess
  insize=28039 outsize=1913 ok=1
Cmd: preprocess
  insize=811 outsize=209 ok=1
Cmd: preprocess
  insize=7064 outsize=496 ok=1
Cmd: preprocess
  insize=41605 outsize=1913 ok=1
Cmd: preprocess
  insize=40200 outsize=1921 ok=1
Cmd: compileSnippet
  api=4 type=0 insize=13223 outsize=706 kw= pd=UNITY_ENABLE_REFLECTION_BUFFERS UNITY_USE_DITHER_MASK_FOR_ALPHABLENDED_SHADOWS UNITY_PBS_USE_BRDF1 UNITY_SPECCUBE_BOX_PROJECTION UNITY_SPECCUBE_BLENDING UNITY_ENABLE_DETAIL_NORMALMAP SHADER_API_DESKTOP UNITY_COLORSPACE_GAMMA UNITY_LIGHT_PROBE_PROXY_VOLUME UNITY_LIGHTMAP_FULL_HDR ok=1
Cmd: preprocess
  insize=40200 outsize=1921 ok=1
Cmd: preprocess
  insize=811 outsize=209 ok=1
Cmd: preprocess
  insize=811 outsize=209 ok=1
Cmd: preprocess
  insize=811 outsize=209 ok=1
Cmd: preprocess
  insize=811 outsize=209 ok=1
Cmd: preprocess
  insize=811 outsize=209 ok=1
Cmd: preprocess
  insize=811 outsize=209 ok=1
Cmd: preprocess
  insize=811 outsize=209 ok=1
Cmd: preprocess
  insize=811 outsize=209 ok=1
Cmd: preprocess
  insize=811 outsize=209 ok=1
Cmd: preprocess
  insize=811 outsize=209 ok=1
Cmd: preprocess
  insize=41605 outsize=1913 ok=1
Cmd: preprocess
  insize=3871 outsize=505 ok=1
Cmd: preprocess
  insize=5393 outsize=501 ok=1
Cmd: preprocess
  insize=5800 outsize=497 ok=1
Cmd: preprocess
  insize=6607 outsize=499 ok=1
Cmd: preprocess
  insize=7064 outsize=496 ok=1
Cmd: preprocess
  insize=5800 outsize=497 ok=1
Cmd: preprocess
  insize=6607 outsize=499 ok=1
Cmd: preprocess
  insize=7064 outsize=496 ok=1
Cmd: preprocess
  insize=41605 outsize=1913 ok=1
Cmd: preprocess
  insize=5393 outsize=501 ok=1
Cmd: preprocess
  insize=3871 outsize=505 ok=1
Cmd: preprocess
  insize=4133 outsize=498 ok=1
Cmd: preprocess
  insize=4590 outsize=495 ok=1
Cmd: preprocess
  insize=32503 outsize=1912 ok=1
Cmd: preprocess
  insize=811 outsize=209 ok=1
Cmd: preprocess
  insize=811 outsize=209 ok=1
Cmd: preprocess
  insize=811 outsize=209 ok=1
Cmd: preprocess
  insize=811 outsize=209 ok=1
Cmd: preprocess
  insize=811 outsize=209 ok=1
Cmd: preprocess
  insize=811 outsize=209 ok=1
Cmd: preprocess
  insize=811 outsize=209 ok=1
Cmd: preprocess
  insize=811 outsize=209 ok=1
Cmd: preprocess
  insize=811 outsize=209 ok=1
Cmd: preprocess
  insize=811 outsize=209 ok=1
Cmd: preprocess
  insize=32503 outsize=1912 ok=1
Cmd: preprocess
  insize=3871 outsize=505 ok=1
Cmd: preprocess
  insize=5393 outsize=501 ok=1
Cmd: preprocess
  insize=5800 outsize=497 ok=1
Cmd: preprocess
  insize=4133 outsize=498 ok=1
Cmd: preprocess
  insize=4590 outsize=495 ok=1
Cmd: preprocess
  insize=811 outsize=209 ok=1
Cmd: preprocess
  insize=811 outsize=209 ok=1
Cmd: preprocess
  insize=811 outsize=209 ok=1
Cmd: preprocess
  insize=811 outsize=209 ok=1
Cmd: preprocess
  insize=811 outsize=209 ok=1
Cmd: preprocess
  insize=811 outsize=209 ok=1
Cmd: preprocess
  insize=811 outsize=209 ok=1
Cmd: preprocess
  insize=811 outsize=209 ok=1
Cmd: preprocess
  insize=811 outsize=209 ok=1
Cmd: preprocess
  insize=811 outsize=209 ok=1
Cmd: preprocess
  insize=4133 outsize=498 ok=1
Cmd: preprocess
  insize=5800 outsize=497 ok=1
Cmd: preprocess
  insize=5393 outsize=501 ok=1
Cmd: preprocess
  insize=3871 outsize=505 ok=1
Cmd: preprocess
  insize=4590 outsize=495 ok=1
Cmd: preprocess
  insize=32503 outsize=1912 ok=1
Cmd: preprocess
  insize=3522 outsize=496 ok=1
Cmd: preprocess
  insize=5003 outsize=495 ok=1
Cmd: preprocess
  insize=28039 outsize=1913 ok=1
Cmd: preprocess
  insize=6195 outsize=499 ok=1
Cmd: preprocess
  insize=6652 outsize=496 ok=1
Cmd: preprocess
  insize=7065 outsize=497 ok=1
Cmd: preprocess
  insize=7033 outsize=497 ok=1
Cmd: preprocess
  insize=41485 outsize=1912 ok=1
Cmd: preprocess
  insize=40284 outsize=1921 ok=1
Cmd: preprocess
  insize=811 outsize=209 ok=1
Cmd: preprocess
  insize=811 outsize=209 ok=1
Cmd: preprocess
  insize=811 outsize=209 ok=1
Cmd: preprocess
  insize=811 outsize=209 ok=1
Cmd: preprocess
  insize=811 outsize=209 ok=1
Cmd: preprocess
  insize=811 outsize=209 ok=1
Cmd: preprocess
  insize=811 outsize=209 ok=1
Cmd: preprocess
  insize=811 outsize=209 ok=1
Cmd: preprocess
  insize=811 outsize=209 ok=1
Cmd: preprocess
  insize=811 outsize=209 ok=1
Cmd: preprocess
  insize=41485 outsize=1912 ok=1
Cmd: preprocess
  insize=6652 outsize=496 ok=1
Cmd: preprocess
  insize=3871 outsize=505 ok=1
Cmd: preprocess
  insize=5393 outsize=501 ok=1
Cmd: preprocess
  insize=7033 outsize=497 ok=1
Cmd: preprocess
  insize=6195 outsize=499 ok=1
Cmd: preprocess
  insize=7033 outsize=497 ok=1
Cmd: preprocess
  insize=41485 outsize=1912 ok=1
Cmd: preprocess
  insize=5393 outsize=501 ok=1
Cmd: preprocess
  insize=6195 outsize=499 ok=1
Cmd: preprocess
  insize=6652 outsize=496 ok=1
Cmd: preprocess
  insize=3871 outsize=505 ok=1
Cmd: compileSnippet
  api=4 type=0 insize=13082 outsize=1142 kw=UNITY_PASS_SHADOWCASTER pd=UNITY_ENABLE_REFLECTION_BUFFERS UNITY_USE_DITHER_MASK_FOR_ALPHABLENDED_SHADOWS UNITY_PBS_USE_BRDF1 UNITY_SPECCUBE_BOX_PROJECTION UNITY_SPECCUBE_BLENDING UNITY_ENABLE_DETAIL_NORMALMAP SHADER_API_DESKTOP UNITY_COLORSPACE_GAMMA UNITY_LIGHT_PROBE_PROXY_VOLUME UNITY_LIGHTMAP_FULL_HDR ok=1
Cmd: compileSnippet
  api=4 type=1 insize=13082 outsize=2978 kw=UNITY_PASS_SHADOWCASTER pd=UNITY_ENABLE_REFLECTION_BUFFERS UNITY_USE_DITHER_MASK_FOR_ALPHABLENDED_SHADOWS UNITY_PBS_USE_BRDF1 UNITY_SPECCUBE_BOX_PROJECTION UNITY_SPECCUBE_BLENDING UNITY_ENABLE_DETAIL_NORMALMAP SHADER_API_DESKTOP UNITY_COLORSPACE_GAMMA UNITY_LIGHT_PROBE_PROXY_VOLUME UNITY_LIGHTMAP_FULL_HDR ok=1
Cmd: preprocess
  insize=40284 outsize=1921 ok=1
Cmd: preprocess
  insize=7120 outsize=555 ok=1
Cmd: preprocess
  insize=41654 outsize=1971 ok=1
Cmd: preprocess
  insize=5480 outsize=560 ok=1
Cmd: preprocess
  insize=6282 outsize=556 ok=1
Cmd: preprocess
  insize=6739 outsize=553 ok=1
Cmd: preprocess
  insize=3958 outsize=563 ok=1
Cmd: compileSnippet
  api=4 type=0 insize=13522 outsize=1142 kw=UNITY_PASS_SHADOWCASTER pd=UNITY_ENABLE_REFLECTION_BUFFERS UNITY_USE_DITHER_MASK_FOR_ALPHABLENDED_SHADOWS UNITY_PBS_USE_BRDF1 UNITY_SPECCUBE_BOX_PROJECTION UNITY_SPECCUBE_BLENDING UNITY_ENABLE_DETAIL_NORMALMAP SHADER_API_DESKTOP UNITY_COLORSPACE_GAMMA UNITY_LIGHT_PROBE_PROXY_VOLUME UNITY_LIGHTMAP_FULL_HDR ok=1
Cmd: preprocess
  insize=7297 outsize=623 ok=1
Cmd: preprocess
  insize=42073 outsize=2037 ok=1
Cmd: preprocess
  insize=5657 outsize=628 ok=1
Cmd: preprocess
  insize=6459 outsize=625 ok=1
Cmd: preprocess
  insize=6916 outsize=622 ok=1
Cmd: preprocess
  insize=4135 outsize=631 ok=1
Cmd: compileSnippet
  api=4 type=0 insize=13808 outsize=706 kw= pd=UNITY_ENABLE_REFLECTION_BUFFERS UNITY_USE_DITHER_MASK_FOR_ALPHABLENDED_SHADOWS UNITY_PBS_USE_BRDF1 UNITY_SPECCUBE_BOX_PROJECTION UNITY_SPECCUBE_BLENDING UNITY_ENABLE_DETAIL_NORMALMAP SHADER_API_DESKTOP UNITY_COLORSPACE_GAMMA UNITY_LIGHT_PROBE_PROXY_VOLUME UNITY_LIGHTMAP_FULL_HDR ok=1
Cmd: compileSnippet
  api=4 type=0 insize=13639 outsize=1142 kw=UNITY_PASS_SHADOWCASTER pd=UNITY_ENABLE_REFLECTION_BUFFERS UNITY_USE_DITHER_MASK_FOR_ALPHABLENDED_SHADOWS UNITY_PBS_USE_BRDF1 UNITY_SPECCUBE_BOX_PROJECTION UNITY_SPECCUBE_BLENDING UNITY_ENABLE_DETAIL_NORMALMAP SHADER_API_DESKTOP UNITY_COLORSPACE_GAMMA UNITY_LIGHT_PROBE_PROXY_VOLUME UNITY_LIGHTMAP_FULL_HDR ok=1
Cmd: preprocess
  insize=7297 outsize=623 ok=1
Cmd: preprocess
  insize=42073 outsize=2037 ok=1
Cmd: preprocess
  insize=5657 outsize=628 ok=1
Cmd: preprocess
  insize=6459 outsize=625 ok=1
Cmd: preprocess
  insize=6916 outsize=622 ok=1
Cmd: preprocess
  insize=4135 outsize=631 ok=1
Cmd: preprocess
  insize=811 outsize=209 ok=1
Cmd: preprocess
  insize=811 outsize=209 ok=1
Cmd: preprocess
  insize=811 outsize=209 ok=1
Cmd: preprocess
  insize=4155 outsize=631 ok=1
Cmd: preprocess
  insize=40872 outsize=2046 ok=1
Cmd: preprocess
  insize=811 outsize=209 ok=1
Cmd: preprocess
  insize=3786 outsize=622 ok=1
Cmd: preprocess
  insize=28627 outsize=2038 ok=1
Cmd: preprocess
  insize=811 outsize=209 ok=1
Cmd: preprocess
  insize=4743 outsize=621 ok=1
Cmd: preprocess
  insize=811 outsize=209 ok=1
Cmd: preprocess
  insize=5031 outsize=624 ok=1
Cmd: preprocess
  insize=8636 outsize=625 ok=1
Cmd: preprocess
  insize=46624 outsize=2040 ok=1
Cmd: preprocess
  insize=7560 outsize=622 ok=1
Cmd: preprocess
  insize=5031 outsize=624 ok=1
Cmd: preprocess
  insize=34313 outsize=2039 ok=1
Cmd: preprocess
  insize=4995 outsize=624 ok=1
Cmd: preprocess
  insize=34181 outsize=2037 ok=1
Cmd: preprocess
  insize=5031 outsize=624 ok=1
Cmd: preprocess
  insize=34313 outsize=2039 ok=1
Cmd: preprocess
  insize=8636 outsize=624 ok=1
Cmd: preprocess
  insize=46624 outsize=2041 ok=1
Cmd: preprocess
  insize=44859 outsize=2047 ok=1
Cmd: preprocess
  insize=44859 outsize=2047 ok=1
Cmd: compileSnippet
  api=4 type=0 insize=14565 outsize=1142 kw=UNITY_PASS_SHADOWCASTER pd=UNITY_ENABLE_REFLECTION_BUFFERS UNITY_USE_DITHER_MASK_FOR_ALPHABLENDED_SHADOWS UNITY_PBS_USE_BRDF1 UNITY_SPECCUBE_BOX_PROJECTION UNITY_SPECCUBE_BLENDING UNITY_ENABLE_DETAIL_NORMALMAP SHADER_API_DESKTOP UNITY_COLORSPACE_GAMMA UNITY_LIGHT_PROBE_PROXY_VOLUME UNITY_LIGHTMAP_FULL_HDR ok=1
Cmd: compileSnippet
  api=4 type=1 insize=14565 outsize=3214 kw=UNITY_PASS_SHADOWCASTER pd=UNITY_ENABLE_REFLECTION_BUFFERS UNITY_USE_DITHER_MASK_FOR_ALPHABLENDED_SHADOWS UNITY_PBS_USE_BRDF1 UNITY_SPECCUBE_BOX_PROJECTION UNITY_SPECCUBE_BLENDING UNITY_ENABLE_DETAIL_NORMALMAP SHADER_API_DESKTOP UNITY_COLORSPACE_GAMMA UNITY_LIGHT_PROBE_PROXY_VOLUME UNITY_LIGHTMAP_FULL_HDR ok=1
Cmd: compileSnippet
  api=4 type=0 insize=14734 outsize=706 kw= pd=UNITY_ENABLE_REFLECTION_BUFFERS UNITY_USE_DITHER_MASK_FOR_ALPHABLENDED_SHADOWS UNITY_PBS_USE_BRDF1 UNITY_SPECCUBE_BOX_PROJECTION UNITY_SPECCUBE_BLENDING UNITY_ENABLE_DETAIL_NORMALMAP SHADER_API_DESKTOP UNITY_COLORSPACE_GAMMA UNITY_LIGHT_PROBE_PROXY_VOLUME UNITY_LIGHTMAP_FULL_HDR ok=1
Cmd: compileSnippet
  api=4 type=1 insize=14734 outsize=3250 kw= pd=UNITY_ENABLE_REFLECTION_BUFFERS UNITY_USE_DITHER_MASK_FOR_ALPHABLENDED_SHADOWS UNITY_PBS_USE_BRDF1 UNITY_SPECCUBE_BOX_PROJECTION UNITY_SPECCUBE_BLENDING UNITY_ENABLE_DETAIL_NORMALMAP SHADER_API_DESKTOP UNITY_COLORSPACE_GAMMA UNITY_LIGHT_PROBE_PROXY_VOLUME UNITY_LIGHTMAP_FULL_HDR ok=1
Cmd: preprocess
  insize=7546 outsize=616 ok=1
Cmd: preprocess
  insize=4141 outsize=624 ok=1
Cmd: preprocess
  insize=4729 outsize=614 ok=1
Cmd: preprocess
  insize=8622 outsize=617 ok=1
Cmd: preprocess
  insize=46575 outsize=2034 ok=1
Cmd: preprocess
  insize=7283 outsize=616 ok=1
Cmd: preprocess
  insize=5643 outsize=620 ok=1
Cmd: preprocess
  insize=6445 outsize=618 ok=1
Cmd: preprocess
  insize=6902 outsize=615 ok=1
Cmd: preprocess
  insize=4121 outsize=623 ok=1
Cmd: compileSnippet
  api=4 type=0 insize=15142 outsize=1142 kw=UNITY_PASS_SHADOWCASTER pd=UNITY_ENABLE_REFLECTION_BUFFERS UNITY_USE_DITHER_MASK_FOR_ALPHABLENDED_SHADOWS UNITY_PBS_USE_BRDF1 UNITY_SPECCUBE_BOX_PROJECTION UNITY_SPECCUBE_BLENDING UNITY_ENABLE_DETAIL_NORMALMAP SHADER_API_DESKTOP UNITY_COLORSPACE_GAMMA UNITY_LIGHT_PROBE_PROXY_VOLUME UNITY_LIGHTMAP_FULL_HDR ok=1
Cmd: preprocess
  insize=7516 outsize=606 ok=1
Cmd: preprocess
  insize=4121 outsize=614 ok=1
Cmd: preprocess
  insize=4709 outsize=604 ok=1
Cmd: preprocess
  insize=8592 outsize=608 ok=1
Cmd: preprocess
  insize=46505 outsize=2023 ok=1
Cmd: preprocess
  insize=7253 outsize=606 ok=1
Cmd: preprocess
  insize=5623 outsize=610 ok=1
Cmd: preprocess
  insize=6425 outsize=608 ok=1
Cmd: preprocess
  insize=6882 outsize=605 ok=1
Cmd: preprocess
  insize=4101 outsize=613 ok=1
Cmd: preprocess
  insize=44740 outsize=2029 ok=1
Cmd: compileSnippet
  api=4 type=0 insize=14531 outsize=1142 kw=UNITY_PASS_SHADOWCASTER pd=UNITY_ENABLE_REFLECTION_BUFFERS UNITY_USE_DITHER_MASK_FOR_ALPHABLENDED_SHADOWS UNITY_PBS_USE_BRDF1 UNITY_SPECCUBE_BOX_PROJECTION UNITY_SPECCUBE_BLENDING UNITY_ENABLE_DETAIL_NORMALMAP SHADER_API_DESKTOP UNITY_COLORSPACE_GAMMA UNITY_LIGHT_PROBE_PROXY_VOLUME UNITY_LIGHTMAP_FULL_HDR ok=1
Cmd: compileSnippet
  api=4 type=1 insize=14531 outsize=3214 kw=UNITY_PASS_SHADOWCASTER pd=UNITY_ENABLE_REFLECTION_BUFFERS UNITY_USE_DITHER_MASK_FOR_ALPHABLENDED_SHADOWS UNITY_PBS_USE_BRDF1 UNITY_SPECCUBE_BOX_PROJECTION UNITY_SPECCUBE_BLENDING UNITY_ENABLE_DETAIL_NORMALMAP SHADER_API_DESKTOP UNITY_COLORSPACE_GAMMA UNITY_LIGHT_PROBE_PROXY_VOLUME UNITY_LIGHTMAP_FULL_HDR ok=1
Cmd: preprocess
  insize=811 outsize=209 ok=1
Cmd: preprocess
  insize=811 outsize=209 ok=1
Cmd: preprocess
  insize=811 outsize=209 ok=1
Cmd: preprocess
  insize=811 outsize=209 ok=1
Cmd: preprocess
  insize=811 outsize=209 ok=1
Cmd: preprocess
  insize=811 outsize=209 ok=1
Cmd: preprocess
  insize=811 outsize=209 ok=1
Cmd: preprocess
  insize=811 outsize=209 ok=1
Cmd: preprocess
  insize=811 outsize=209 ok=1
Cmd: preprocess
  insize=811 outsize=209 ok=1
Cmd: preprocess
  insize=811 outsize=209 ok=1
Cmd: preprocess
  insize=811 outsize=209 ok=1
Cmd: preprocess
  insize=811 outsize=209 ok=1
Cmd: preprocess
  insize=811 outsize=209 ok=1
Cmd: preprocess
  insize=811 outsize=209 ok=1
Cmd: preprocess
  insize=811 outsize=209 ok=1
Cmd: preprocess
  insize=46505 outsize=2023 ok=1
Cmd: preprocess
  insize=6882 outsize=605 ok=1
Cmd: preprocess
  insize=4101 outsize=613 ok=1
Cmd: preprocess
  insize=5623 outsize=610 ok=1
Cmd: preprocess
  insize=7253 outsize=606 ok=1
Cmd: preprocess
  insize=6425 outsize=608 ok=1
Cmd: preprocess
  insize=4121 outsize=614 ok=1
Cmd: preprocess
  insize=7516 outsize=606 ok=1
Cmd: preprocess
  insize=4709 outsize=604 ok=1
Cmd: preprocess
  insize=8592 outsize=608 ok=1
Cmd: preprocess
  insize=7516 outsize=606 ok=1
Cmd: preprocess
  insize=4121 outsize=614 ok=1
Cmd: preprocess
  insize=4709 outsize=604 ok=1
Cmd: preprocess
  insize=8592 outsize=608 ok=1
Cmd: preprocess
  insize=46505 outsize=2023 ok=1
Cmd: preprocess
  insize=7253 outsize=606 ok=1
Cmd: preprocess
  insize=5623 outsize=610 ok=1
Cmd: preprocess
  insize=6425 outsize=608 ok=1
Cmd: preprocess
  insize=6882 outsize=605 ok=1
Cmd: preprocess
  insize=4101 outsize=613 ok=1
Cmd: preprocess
  insize=811 outsize=209 ok=1
Cmd: preprocess
  insize=811 outsize=209 ok=1
Cmd: preprocess
  insize=811 outsize=209 ok=1
Cmd: preprocess
  insize=811 outsize=209 ok=1
Cmd: preprocess
  insize=811 outsize=209 ok=1
Cmd: preprocess
  insize=811 outsize=209 ok=1
Cmd: preprocess
  insize=811 outsize=209 ok=1
Cmd: preprocess
  insize=811 outsize=209 ok=1
Cmd: preprocess
  insize=811 outsize=209 ok=1
Cmd: preprocess
  insize=811 outsize=209 ok=1
Cmd: preprocess
  insize=811 outsize=209 ok=1
Cmd: preprocess
  insize=811 outsize=209 ok=1
Cmd: preprocess
  insize=811 outsize=209 ok=1
Cmd: preprocess
  insize=811 outsize=209 ok=1
Cmd: preprocess
  insize=811 outsize=209 ok=1
Cmd: preprocess
  insize=811 outsize=209 ok=1
Cmd: preprocess
  insize=46505 outsize=2023 ok=1
Cmd: preprocess
  insize=6882 outsize=605 ok=1
Cmd: preprocess
  insize=4101 outsize=613 ok=1
Cmd: preprocess
  insize=5623 outsize=610 ok=1
Cmd: preprocess
  insize=7253 outsize=606 ok=1
Cmd: preprocess
  insize=6425 outsize=608 ok=1
Cmd: preprocess
  insize=4121 outsize=614 ok=1
Cmd: preprocess
  insize=7516 outsize=606 ok=1
Cmd: preprocess
  insize=4709 outsize=604 ok=1
Cmd: preprocess
  insize=8592 outsize=608 ok=1
Cmd: preprocess
  insize=7516 outsize=606 ok=1
Cmd: preprocess
  insize=4121 outsize=614 ok=1
Cmd: preprocess
  insize=4709 outsize=604 ok=1
Cmd: preprocess
  insize=8592 outsize=608 ok=1
Cmd: preprocess
  insize=46505 outsize=2023 ok=1
Cmd: preprocess
  insize=7253 outsize=606 ok=1
Cmd: preprocess
  insize=5623 outsize=610 ok=1
Cmd: preprocess
  insize=6425 outsize=608 ok=1
Cmd: preprocess
  insize=6882 outsize=605 ok=1
Cmd: preprocess
  insize=4101 outsize=613 ok=1
Cmd: preprocess
  insize=811 outsize=209 ok=1
Cmd: preprocess
  insize=811 outsize=209 ok=1
Cmd: preprocess
  insize=811 outsize=209 ok=1
Cmd: preprocess
  insize=811 outsize=209 ok=1
Cmd: preprocess
  insize=811 outsize=209 ok=1
Cmd: preprocess
  insize=811 outsize=209 ok=1
Cmd: preprocess
  insize=811 outsize=209 ok=1
Cmd: preprocess
  insize=811 outsize=209 ok=1
Cmd: preprocess
  insize=811 outsize=209 ok=1
Cmd: preprocess
  insize=811 outsize=209 ok=1
Cmd: preprocess
  insize=811 outsize=209 ok=1
Cmd: preprocess
  insize=811 outsize=209 ok=1
Cmd: preprocess
  insize=811 outsize=209 ok=1
Cmd: preprocess
  insize=811 outsize=209 ok=1
Cmd: preprocess
  insize=811 outsize=209 ok=1
Cmd: preprocess
  insize=811 outsize=209 ok=1
Cmd: preprocess
  insize=46505 outsize=2023 ok=1
Cmd: preprocess
  insize=6882 outsize=605 ok=1
Cmd: preprocess
  insize=4101 outsize=613 ok=1
Cmd: preprocess
  insize=5623 outsize=610 ok=1
Cmd: preprocess
  insize=7253 outsize=606 ok=1
Cmd: preprocess
  insize=6425 outsize=608 ok=1
Cmd: preprocess
  insize=4121 outsize=614 ok=1
Cmd: preprocess
  insize=7516 outsize=606 ok=1
Cmd: preprocess
  insize=4709 outsize=604 ok=1
Cmd: preprocess
  insize=8592 outsize=608 ok=1
Cmd: preprocess
  insize=7516 outsize=606 ok=1
Cmd: preprocess
  insize=4121 outsize=614 ok=1
Cmd: preprocess
  insize=4709 outsize=604 ok=1
Cmd: preprocess
  insize=8592 outsize=608 ok=1
Cmd: preprocess
  insize=46505 outsize=2023 ok=1
Cmd: preprocess
  insize=7253 outsize=606 ok=1
Cmd: preprocess
  insize=5623 outsize=610 ok=1
Cmd: preprocess
  insize=6425 outsize=608 ok=1
Cmd: preprocess
  insize=6882 outsize=605 ok=1
Cmd: preprocess
  insize=4101 outsize=613 ok=1
Cmd: preprocess
  insize=811 outsize=209 ok=1
Cmd: preprocess
  insize=811 outsize=209 ok=1
Cmd: preprocess
  insize=811 outsize=209 ok=1
Cmd: preprocess
  insize=811 outsize=209 ok=1
Cmd: preprocess
  insize=811 outsize=209 ok=1
Cmd: preprocess
  insize=811 outsize=209 ok=1
Cmd: preprocess
  insize=811 outsize=209 ok=1
Cmd: preprocess
  insize=811 outsize=209 ok=1
Cmd: preprocess
  insize=811 outsize=209 ok=1
Cmd: preprocess
  insize=811 outsize=209 ok=1
Cmd: preprocess
  insize=811 outsize=209 ok=1
Cmd: preprocess
  insize=811 outsize=209 ok=1
Cmd: preprocess
  insize=811 outsize=209 ok=1
Cmd: preprocess
  insize=811 outsize=209 ok=1
Cmd: preprocess
  insize=811 outsize=209 ok=1
Cmd: preprocess
  insize=811 outsize=209 ok=1
Cmd: preprocess
  insize=46505 outsize=2023 ok=1
Cmd: preprocess
  insize=6882 outsize=605 ok=1
Cmd: preprocess
  insize=4101 outsize=613 ok=1
Cmd: preprocess
  insize=5623 outsize=610 ok=1
Cmd: preprocess
  insize=7253 outsize=606 ok=1
Cmd: preprocess
  insize=6425 outsize=608 ok=1
Cmd: preprocess
  insize=4121 outsize=614 ok=1
Cmd: preprocess
  insize=7516 outsize=606 ok=1
Cmd: preprocess
  insize=4709 outsize=604 ok=1
Cmd: preprocess
  insize=8592 outsize=608 ok=1
Cmd: preprocess
  insize=7516 outsize=606 ok=1
Cmd: preprocess
  insize=4121 outsize=614 ok=1
Cmd: preprocess
  insize=4709 outsize=604 ok=1
Cmd: preprocess
  insize=8592 outsize=608 ok=1
Cmd: preprocess
  insize=46505 outsize=2023 ok=1
Cmd: preprocess
  insize=7253 outsize=606 ok=1
Cmd: preprocess
  insize=5623 outsize=610 ok=1
Cmd: preprocess
  insize=6425 outsize=608 ok=1
Cmd: preprocess
  insize=6882 outsize=605 ok=1
Cmd: preprocess
  insize=4101 outsize=613 ok=1
Cmd: preprocess
  insize=811 outsize=209 ok=1
Cmd: preprocess
  insize=811 outsize=209 ok=1
Cmd: preprocess
  insize=811 outsize=209 ok=1
Cmd: preprocess
  insize=811 outsize=209 ok=1
Cmd: preprocess
  insize=811 outsize=209 ok=1
Cmd: preprocess
  insize=811 outsize=209 ok=1
Cmd: preprocess
  insize=811 outsize=209 ok=1
Cmd: preprocess
  insize=811 outsize=209 ok=1
Cmd: preprocess
  insize=811 outsize=209 ok=1
Cmd: preprocess
  insize=811 outsize=209 ok=1
Cmd: preprocess
  insize=811 outsize=209 ok=1
Cmd: preprocess
  insize=811 outsize=209 ok=1
Cmd: preprocess
  insize=811 outsize=209 ok=1
Cmd: preprocess
  insize=811 outsize=209 ok=1
Cmd: preprocess
  insize=811 outsize=209 ok=1
Cmd: preprocess
  insize=811 outsize=209 ok=1
Cmd: preprocess
  insize=46505 outsize=2023 ok=1
Cmd: preprocess
  insize=6882 outsize=605 ok=1
Cmd: preprocess
  insize=4101 outsize=613 ok=1
Cmd: preprocess
  insize=5623 outsize=610 ok=1
Cmd: preprocess
  insize=7253 outsize=606 ok=1
Cmd: preprocess
  insize=6425 outsize=608 ok=1
Cmd: preprocess
  insize=4121 outsize=614 ok=1
Cmd: preprocess
  insize=7516 outsize=606 ok=1
Cmd: preprocess
  insize=4709 outsize=604 ok=1
Cmd: preprocess
  insize=8592 outsize=608 ok=1
Cmd: preprocess
  insize=7516 outsize=606 ok=1
Cmd: preprocess
  insize=4121 outsize=614 ok=1
Cmd: preprocess
  insize=4709 outsize=604 ok=1
Cmd: preprocess
  insize=8592 outsize=608 ok=1
Cmd: preprocess
  insize=46505 outsize=2023 ok=1
Cmd: preprocess
  insize=7253 outsize=606 ok=1
Cmd: preprocess
  insize=5623 outsize=610 ok=1
Cmd: preprocess
  insize=6425 outsize=608 ok=1
Cmd: preprocess
  insize=6882 outsize=605 ok=1
Cmd: preprocess
  insize=4101 outsize=613 ok=1
Cmd: preprocess
  insize=811 outsize=209 ok=1
Cmd: preprocess
  insize=811 outsize=209 ok=1
Cmd: preprocess
  insize=811 outsize=209 ok=1
Cmd: preprocess
  insize=811 outsize=209 ok=1
Cmd: preprocess
  insize=811 outsize=209 ok=1
Cmd: preprocess
  insize=811 outsize=209 ok=1
Cmd: preprocess
  insize=811 outsize=209 ok=1
Cmd: preprocess
  insize=811 outsize=209 ok=1
Cmd: preprocess
  insize=811 outsize=209 ok=1
Cmd: preprocess
  insize=811 outsize=209 ok=1
Cmd: preprocess
  insize=811 outsize=209 ok=1
Cmd: preprocess
  insize=811 outsize=209 ok=1
Cmd: preprocess
  insize=811 outsize=209 ok=1
Cmd: preprocess
  insize=811 outsize=209 ok=1
Cmd: preprocess
  insize=811 outsize=209 ok=1
Cmd: preprocess
  insize=811 outsize=209 ok=1
Cmd: preprocess
  insize=46505 outsize=2023 ok=1
Cmd: preprocess
  insize=6882 outsize=605 ok=1
Cmd: preprocess
  insize=4101 outsize=613 ok=1
Cmd: preprocess
  insize=5623 outsize=610 ok=1
Cmd: preprocess
  insize=7253 outsize=606 ok=1
Cmd: preprocess
  insize=6425 outsize=608 ok=1
Cmd: preprocess
  insize=4121 outsize=614 ok=1
Cmd: preprocess
  insize=7516 outsize=606 ok=1
Cmd: preprocess
  insize=4709 outsize=604 ok=1
Cmd: preprocess
  insize=8592 outsize=608 ok=1
Cmd: preprocess
  insize=7516 outsize=606 ok=1
Cmd: preprocess
  insize=4121 outsize=614 ok=1
Cmd: preprocess
  insize=4709 outsize=604 ok=1
Cmd: preprocess
  insize=8592 outsize=608 ok=1
Cmd: preprocess
  insize=46505 outsize=2023 ok=1
Cmd: preprocess
  insize=7253 outsize=606 ok=1
Cmd: preprocess
  insize=5623 outsize=610 ok=1
Cmd: preprocess
  insize=6425 outsize=608 ok=1
Cmd: preprocess
  insize=6882 outsize=605 ok=1
Cmd: preprocess
  insize=4101 outsize=613 ok=1
Cmd: preprocess
  insize=811 outsize=209 ok=1
Cmd: preprocess
  insize=811 outsize=209 ok=1
Cmd: preprocess
  insize=811 outsize=209 ok=1
Cmd: preprocess
  insize=811 outsize=209 ok=1
Cmd: preprocess
  insize=811 outsize=209 ok=1
Cmd: preprocess
  insize=811 outsize=209 ok=1
Cmd: preprocess
  insize=811 outsize=209 ok=1
Cmd: preprocess
  insize=811 outsize=209 ok=1
Cmd: preprocess
  insize=811 outsize=209 ok=1
Cmd: preprocess
  insize=811 outsize=209 ok=1
Cmd: preprocess
  insize=811 outsize=209 ok=1
Cmd: preprocess
  insize=811 outsize=209 ok=1
Cmd: preprocess
  insize=811 outsize=209 ok=1
Cmd: preprocess
  insize=811 outsize=209 ok=1
Cmd: preprocess
  insize=811 outsize=209 ok=1
Cmd: preprocess
  insize=811 outsize=209 ok=1
Cmd: preprocess
  insize=46505 outsize=2023 ok=1
Cmd: preprocess
  insize=6882 outsize=605 ok=1
Cmd: preprocess
  insize=4101 outsize=613 ok=1
Cmd: preprocess
  insize=5623 outsize=610 ok=1
Cmd: preprocess
  insize=7253 outsize=606 ok=1
Cmd: preprocess
  insize=6425 outsize=608 ok=1
Cmd: preprocess
  insize=4121 outsize=614 ok=1
Cmd: preprocess
  insize=7516 outsize=606 ok=1
Cmd: preprocess
  insize=4709 outsize=604 ok=1
Cmd: preprocess
  insize=8592 outsize=608 ok=1
Cmd: preprocess
  insize=7516 outsize=606 ok=1
Cmd: preprocess
  insize=4121 outsize=614 ok=1
Cmd: preprocess
  insize=4709 outsize=604 ok=1
Cmd: preprocess
  insize=8592 outsize=608 ok=1
Cmd: preprocess
  insize=46505 outsize=2023 ok=1
Cmd: preprocess
  insize=7253 outsize=606 ok=1
Cmd: preprocess
  insize=5623 outsize=610 ok=1
Cmd: preprocess
  insize=6425 outsize=608 ok=1
Cmd: preprocess
  insize=6882 outsize=605 ok=1
Cmd: preprocess
  insize=4101 outsize=613 ok=1
Cmd: preprocess
  insize=811 outsize=209 ok=1
Cmd: preprocess
  insize=811 outsize=209 ok=1
Cmd: preprocess
  insize=811 outsize=209 ok=1
Cmd: preprocess
  insize=811 outsize=209 ok=1
Cmd: preprocess
  insize=811 outsize=209 ok=1
Cmd: preprocess
  insize=811 outsize=209 ok=1
Cmd: preprocess
  insize=811 outsize=209 ok=1
Cmd: preprocess
  insize=811 outsize=209 ok=1
Cmd: preprocess
  insize=811 outsize=209 ok=1
Cmd: preprocess
  insize=811 outsize=209 ok=1
Cmd: preprocess
  insize=811 outsize=209 ok=1
Cmd: preprocess
  insize=811 outsize=209 ok=1
Cmd: preprocess
  insize=811 outsize=209 ok=1
Cmd: preprocess
  insize=811 outsize=209 ok=1
Cmd: preprocess
  insize=811 outsize=209 ok=1
Cmd: preprocess
  insize=811 outsize=209 ok=1
Cmd: preprocess
  insize=46505 outsize=2023 ok=1
Cmd: preprocess
  insize=6882 outsize=605 ok=1
Cmd: preprocess
  insize=4101 outsize=613 ok=1
Cmd: preprocess
  insize=5623 outsize=610 ok=1
Cmd: preprocess
  insize=7253 outsize=606 ok=1
Cmd: preprocess
  insize=6425 outsize=608 ok=1
Cmd: preprocess
  insize=4121 outsize=614 ok=1
Cmd: preprocess
  insize=7516 outsize=606 ok=1
Cmd: preprocess
  insize=4709 outsize=604 ok=1
Cmd: preprocess
  insize=8592 outsize=608 ok=1
Cmd: preprocess
  insize=811 outsize=209 ok=1
Cmd: preprocess
  insize=811 outsize=209 ok=1
Cmd: preprocess
  insize=811 outsize=209 ok=1
Cmd: preprocess
  insize=811 outsize=209 ok=1
Cmd: preprocess
  insize=811 outsize=209 ok=1
Cmd: preprocess
  insize=811 outsize=209 ok=1
Cmd: preprocess
  insize=811 outsize=209 ok=1
Cmd: preprocess
  insize=811 outsize=209 ok=1
Cmd: preprocess
  insize=811 outsize=209 ok=1
Cmd: preprocess
  insize=811 outsize=209 ok=1
Cmd: preprocess
  insize=811 outsize=209 ok=1
Cmd: preprocess
  insize=811 outsize=209 ok=1
Cmd: preprocess
  insize=811 outsize=209 ok=1
Cmd: preprocess
  insize=811 outsize=209 ok=1
Cmd: preprocess
  insize=811 outsize=209 ok=1
Cmd: preprocess
  insize=811 outsize=209 ok=1
Cmd: preprocess
  insize=46505 outsize=2023 ok=1
Cmd: preprocess
  insize=6882 outsize=605 ok=1
Cmd: preprocess
  insize=4101 outsize=613 ok=1
Cmd: preprocess
  insize=5623 outsize=610 ok=1
Cmd: preprocess
  insize=7253 outsize=606 ok=1
Cmd: preprocess
  insize=6425 outsize=608 ok=1
Cmd: preprocess
  insize=4121 outsize=614 ok=1
Cmd: preprocess
  insize=7516 outsize=606 ok=1
Cmd: preprocess
  insize=4709 outsize=604 ok=1
Cmd: preprocess
  insize=8592 outsize=608 ok=1
Cmd: preprocess
  insize=7516 outsize=606 ok=1
Cmd: preprocess
  insize=4121 outsize=614 ok=1
Cmd: preprocess
  insize=4709 outsize=604 ok=1
Cmd: preprocess
  insize=8592 outsize=608 ok=1
Cmd: preprocess
  insize=46505 outsize=2023 ok=1
Cmd: preprocess
  insize=7253 outsize=606 ok=1
Cmd: preprocess
  insize=5623 outsize=610 ok=1
Cmd: preprocess
  insize=6425 outsize=608 ok=1
Cmd: preprocess
  insize=6882 outsize=605 ok=1
Cmd: preprocess
  insize=4101 outsize=613 ok=1
Cmd: preprocess
  insize=811 outsize=209 ok=1
Cmd: preprocess
  insize=811 outsize=209 ok=1
Cmd: preprocess
  insize=811 outsize=209 ok=1
Cmd: preprocess
  insize=811 outsize=209 ok=1
Cmd: preprocess
  insize=811 outsize=209 ok=1
Cmd: preprocess
  insize=811 outsize=209 ok=1
Cmd: preprocess
  insize=811 outsize=209 ok=1
Cmd: preprocess
  insize=811 outsize=209 ok=1
Cmd: preprocess
  insize=811 outsize=209 ok=1
Cmd: preprocess
  insize=811 outsize=209 ok=1
Cmd: preprocess
  insize=811 outsize=209 ok=1
Cmd: preprocess
  insize=811 outsize=209 ok=1
Cmd: preprocess
  insize=811 outsize=209 ok=1
Cmd: preprocess
  insize=811 outsize=209 ok=1
Cmd: preprocess
  insize=811 outsize=209 ok=1
Cmd: preprocess
  insize=811 outsize=209 ok=1
Cmd: preprocess
  insize=46505 outsize=2023 ok=1
Cmd: preprocess
  insize=6882 outsize=605 ok=1
Cmd: preprocess
  insize=4101 outsize=613 ok=1
Cmd: preprocess
  insize=5623 outsize=610 ok=1
Cmd: preprocess
  insize=7253 outsize=606 ok=1
Cmd: preprocess
  insize=6425 outsize=608 ok=1
Cmd: preprocess
  insize=4121 outsize=614 ok=1
Cmd: preprocess
  insize=7516 outsize=606 ok=1
Cmd: preprocess
  insize=4709 outsize=604 ok=1
Cmd: preprocess
  insize=8592 outsize=608 ok=1
Cmd: preprocess
  insize=7516 outsize=606 ok=1
Cmd: preprocess
  insize=4121 outsize=614 ok=1
Cmd: preprocess
  insize=4709 outsize=604 ok=1
Cmd: preprocess
  insize=8592 outsize=608 ok=1
Cmd: preprocess
  insize=46505 outsize=2023 ok=1
Cmd: preprocess
  insize=7253 outsize=606 ok=1
Cmd: preprocess
  insize=5623 outsize=610 ok=1
Cmd: preprocess
  insize=6425 outsize=608 ok=1
Cmd: preprocess
  insize=6882 outsize=605 ok=1
Cmd: preprocess
  insize=4101 outsize=613 ok=1
Cmd: preprocess
  insize=811 outsize=209 ok=1
Cmd: preprocess
  insize=811 outsize=209 ok=1
Cmd: preprocess
  insize=811 outsize=209 ok=1
Cmd: preprocess
  insize=811 outsize=209 ok=1
Cmd: preprocess
  insize=811 outsize=209 ok=1
Cmd: preprocess
  insize=811 outsize=209 ok=1
Cmd: preprocess
  insize=811 outsize=209 ok=1
Cmd: preprocess
  insize=811 outsize=209 ok=1
Cmd: preprocess
  insize=811 outsize=209 ok=1
Cmd: preprocess
  insize=811 outsize=209 ok=1
Cmd: preprocess
  insize=811 outsize=209 ok=1
Cmd: preprocess
  insize=811 outsize=209 ok=1
Cmd: preprocess
  insize=811 outsize=209 ok=1
Cmd: preprocess
  insize=811 outsize=209 ok=1
Cmd: preprocess
  insize=811 outsize=209 ok=1
Cmd: preprocess
  insize=811 outsize=209 ok=1
Cmd: preprocess
  insize=46505 outsize=2023 ok=1
Cmd: preprocess
  insize=6882 outsize=605 ok=1
Cmd: preprocess
  insize=4101 outsize=613 ok=1
Cmd: preprocess
  insize=5623 outsize=610 ok=1
Cmd: preprocess
  insize=7253 outsize=606 ok=1
Cmd: preprocess
  insize=6425 outsize=608 ok=1
Cmd: preprocess
  insize=4121 outsize=614 ok=1
Cmd: preprocess
  insize=7516 outsize=606 ok=1
Cmd: preprocess
  insize=4709 outsize=604 ok=1
Cmd: preprocess
  insize=8592 outsize=608 ok=1
Cmd: preprocess
  insize=7516 outsize=606 ok=1
Cmd: preprocess
  insize=4121 outsize=614 ok=1
Cmd: preprocess
  insize=4709 outsize=604 ok=1
Cmd: preprocess
  insize=8592 outsize=608 ok=1
Cmd: preprocess
  insize=46505 outsize=2023 ok=1
Cmd: preprocess
  insize=7253 outsize=606 ok=1
Cmd: preprocess
  insize=5623 outsize=610 ok=1
Cmd: preprocess
  insize=6425 outsize=608 ok=1
Cmd: preprocess
  insize=6882 outsize=605 ok=1
Cmd: preprocess
  insize=4101 outsize=613 ok=1
